Removed Pin From Net: NetName=GND Pin=1-2
Removed Pin From Net: NetName=GND Pin=C1-1
Removed Pin From Net: NetName=GND Pin=C3-2
Removed Pin From Net: NetName=GND Pin=JACK DC1-2
Removed Pin From Net: NetName=GND Pin=P1-1
Removed Pin From Net: NetName=SDA Pin=P1-2
Removed Pin From Net: NetName=SCL Pin=P1-3
Removed Pin From Net: NetName=+5 Pin=P1-4
Removed Pin From Net: NetName=3V3 Pin=X1-1
Removed Pin From Net: NetName=DHT Pin=X1-2
Removed Pin From Net: NetName=GND Pin=X1-4
Removed Member From Class: ClassName=DHT11 Member=1
Removed Member From Class: ClassName=DHT11 Member=H1
Removed Member From Class: ClassName=DHT11 Member=H2
Removed Member From Class: ClassName=DHT11 Member=JACK DC1
Removed Member From Class: ClassName=DHT11 Member=P2
Removed Member From Class: ClassName=DHT11 Member=X1
Change Component Footprint: Designator=C4 Old Footprint=C3MM New Footprint=CN2
Change Component Footprint: Designator=C1 Old Footprint=C3MM New Footprint=CP1.5/3.4
Change Component Footprint: Designator=C3 Old Footprint=tu hoa 4mm New Footprint=CN2
Change Component Footprint: Designator=C2 Old Footprint=tu hoa 4mm New Footprint=CP1.5/3.4
Change Component Comment : Designator=C3 Old Comment=1000uF New Comment=104
Change Component Comment : Designator=C2 Old Comment=1000uF New Comment=1000uF/16V
Change Component Comment : Designator=C4 Old Comment=Cap New Comment=104
Change Component Comment : Designator=C1 Old Comment=Cap New Comment=1000uF/16V
Change Component Designator: OldDesignator=P2 NewDesignator=P1
Change component parameters: Designator = "C4" ("C4"); Footprint = "C3MM"; UniqueID = "\UWJIHCMI" ("\UWJIHCMI")
Change component parameters (AddParameter): Name = "Value"; Value = "0.1uF"; VariantName = "[No Variations]"
Change component parameters: Designator = "C3" ("C3"); Footprint = "tu hoa 4mm"; UniqueID = "\LWNJPPFP" ("\LWNJPPFP")
Change component parameters (AddParameter): Name = "Value"; Value = "0.1uF"; VariantName = "[No Variations]"
Change component parameters: Designator = "C1" ("C1"); Footprint = "C3MM"; UniqueID = "\QZELGWIA" ("\QZELGWIA")
Change component parameters (AddParameter): Name = "Description 1"; Value = "2200uF-3300uF/6,3V - 1000uF-2200uF/10V"; VariantName = "[No Variations]"
Change component parameters (AddParameter): Name = "Description 2"; Value = "1000uF/16V - 470uF => 1000uF/25V - 100uF/100V"; VariantName = "[No Variations]"
Change component parameters (AddParameter): Name = "Description 3"; Value = "330uF>470uF/35V_220uF>470uF/50V_10uF>22uF/250V"; VariantName = "[No Variations]"
Change component parameters (AddParameter): Name = "Description 4"; Value = "220uF => 330uF/63V - 10uF =>33uF/160 - 200V"; VariantName = "[No Variations]"
Change component parameters (AddParameter): Name = "Description 5"; Value = "4,7uF>10uF/250V_3,3uF>10uF/400V - 2,2uF>4,7uF/450V"; VariantName = "[No Variations]"
Change component parameters (AddParameter): Name = "Value"; Value = "1000uF/16V"; VariantName = "[No Variations]"
Change component parameters: Designator = "C2" ("C2"); Footprint = "tu hoa 4mm"; UniqueID = "\SZPTTWGI" ("\SZPTTWGI")
Change component parameters (AddParameter): Name = "Description 1"; Value = "2200uF-3300uF/6,3V - 1000uF-2200uF/10V"; VariantName = "[No Variations]"
Change component parameters (AddParameter): Name = "Description 2"; Value = "1000uF/16V - 470uF => 1000uF/25V - 100uF/100V"; VariantName = "[No Variations]"
Change component parameters (AddParameter): Name = "Description 3"; Value = "330uF>470uF/35V_220uF>470uF/50V_10uF>22uF/250V"; VariantName = "[No Variations]"
Change component parameters (AddParameter): Name = "Description 4"; Value = "220uF => 330uF/63V - 10uF =>33uF/160 - 200V"; VariantName = "[No Variations]"
Change component parameters (AddParameter): Name = "Description 5"; Value = "4,7uF>10uF/250V_3,3uF>10uF/400V - 2,2uF>4,7uF/450V"; VariantName = "[No Variations]"
Change component parameters (AddParameter): Name = "Value"; Value = "1000uF/16V"; VariantName = "[No Variations]"
Added Component: Designator=HD1(HED3)
Add component (AddParameter): Name = "Value"; Value = "Header 3"; VariantName = "[No Variations]"
Added Component: Designator=HD2(HED3)
Add component (AddParameter): Name = "Value"; Value = "Header 3"; VariantName = "[No Variations]"
Added Component: Designator=HD3(HED3)
Add component (AddParameter): Name = "Value"; Value = "Header 3"; VariantName = "[No Variations]"
Added Component: Designator=HD4(HED4)
Add component (AddParameter): Name = "Value"; Value = "Header 4"; VariantName = "[No Variations]"
Added Component: Designator=IC1(QTO-220)
Add component (AddParameter): Name = "Value"; Value = "LM7805"; VariantName = "[No Variations]"
Added Component: Designator=JDC1(DC-IN)
Add component (AddParameter): Name = "Value"; Value = "Jac DC"; VariantName = "[No Variations]"
Added Pin To Net: NetName=GND Pin=C1-2
Added Pin To Net: NetName=GND Pin=C3-1
Added Pin To Net: NetName=3V3 Pin=HD3-1
Added Pin To Net: NetName=DHT Pin=HD3-2
Added Pin To Net: NetName=GND Pin=HD3-3
Added Pin To Net: NetName=+5 Pin=HD4-1
Added Pin To Net: NetName=SCL Pin=HD4-2
Added Pin To Net: NetName=SDA Pin=HD4-3
Added Pin To Net: NetName=GND Pin=HD4-4
Added Pin To Net: NetName=GND Pin=IC1-2
Added Pin To Net: NetName=GND Pin=JDC1-2
Added Pin To Net: NetName=NetC1_1 Pin=C1-1
Added Pin To Net: NetName=NetC1_1 Pin=C3-2
Added Pin To Net: NetName=NetC1_1 Pin=IC1-1
Added Pin To Net: NetName=NetC1_1 Pin=JDC1-1
Added Net: Name=NetC1_1
Added Pin To Net: NetName=NetC2_1 Pin=C2-1
Added Pin To Net: NetName=NetC2_1 Pin=C4-2
Added Pin To Net: NetName=NetC2_1 Pin=IC1-3
Added Pin To Net: NetName=NetC2_1 Pin=R7-2
Added Net: Name=NetC2_1
Added Pin To Net: NetName=NetHD1_1 Pin=HD1-1
Added Pin To Net: NetName=NetHD1_1 Pin=K1-2
Added Net: Name=NetHD1_1
Added Pin To Net: NetName=NetHD1_2 Pin=HD1-2
Added Pin To Net: NetName=NetHD1_2 Pin=K1-1
Added Net: Name=NetHD1_2
Added Pin To Net: NetName=NetHD1_3 Pin=HD1-3
Added Pin To Net: NetName=NetHD1_3 Pin=K1-3
Added Net: Name=NetHD1_3
Added Pin To Net: NetName=NetHD2_1 Pin=HD2-1
Added Pin To Net: NetName=NetHD2_1 Pin=K2-2
Added Net: Name=NetHD2_1
Added Pin To Net: NetName=NetHD2_2 Pin=HD2-2
Added Pin To Net: NetName=NetHD2_2 Pin=K2-1
Added Net: Name=NetHD2_2
Added Pin To Net: NetName=NetHD2_3 Pin=HD2-3
Added Pin To Net: NetName=NetHD2_3 Pin=K2-3
Added Net: Name=NetHD2_3
Added Member To Class: ClassName=DHT11 Member=Component C1 1000uF/16V
Added Member To Class: ClassName=DHT11 Member=Component HD1 Header 3
Added Member To Class: ClassName=DHT11 Member=Component HD2 Header 3
Added Member To Class: ClassName=DHT11 Member=Component HD3 Header 3
Added Member To Class: ClassName=DHT11 Member=Component HD4 Header 4
Added Member To Class: ClassName=DHT11 Member=Component IC1 LM7805
Added Member To Class: ClassName=DHT11 Member=Component JDC1 Jac DC
Added Room: Name=DHT11
