Removed Pin From Net: NetName=C3 Pin=ESP1-18
Removed Pin From Net: NetName=C2 Pin=ESP1-19
Removed Pin From Net: NetName=C1 Pin=ESP1-20
Removed Pin From Net: NetName=R4 Pin=ESP1-21
Removed Pin From Net: NetName=R3 Pin=ESP1-22
Removed Pin From Net: NetName=R2 Pin=ESP1-23
Removed Pin From Net: NetName=R1 Pin=ESP1-24
Removed Pin From Net: NetName=DHT Pin=ESP1-25
Added Pin To Net: NetName=DHT Pin=ESP1-18
Added Pin To Net: NetName=C3 Pin=ESP1-19
Added Pin To Net: NetName=C2 Pin=ESP1-20
Added Pin To Net: NetName=C1 Pin=ESP1-21
Added Pin To Net: NetName=R4 Pin=ESP1-22
Added Pin To Net: NetName=R3 Pin=ESP1-23
Added Pin To Net: NetName=R2 Pin=ESP1-24
Added Pin To Net: NetName=R1 Pin=ESP1-25
Change Net Color : Old Net Color=Yellow New Net Color=Default
Change Net Color : Old Net Color=Lime New Net Color=Default
Change Net Color : Old Net Color=Red New Net Color=Default
Added Member To Class: ClassName=DHT11 Member=Component C3 104
Added Member To Class: ClassName=DHT11 Member=Component C4 104
Added Member To Class: ClassName=DHT11 Member=Component H2 Header 2P 2.54 Duc Thang
Added Member To Class: ClassName=DHT11 Member=Component R6 4.7k
