Removed Pin From Net: NetName=FAN Pin=R1-1
Change Component Designator: OldDesignator=H1 NewDesignator=H3
Change Component Designator: OldDesignator=H2 NewDesignator=H1
Change Component Designator: OldDesignator=I2C NewDesignator=I1
Change Component Designator: OldDesignator=I2C NewDesignator=I2
Change Component Designator: OldDesignator=L2 NewDesignator=L3
Change Component Designator: OldDesignator=R3 NewDesignator=R5
Change Component Designator: OldDesignator=R4 NewDesignator=R6
Change Component Designator: OldDesignator=R5 NewDesignator=R7
Change Component Designator: OldDesignator=R6 NewDesignator=R8
Change Component Designator: OldDesignator=R7 NewDesignator=R9
Added Component: Designator=D2(DIODE 1A)
Add component (AddParameter): Name = "Chung_Loai"; Value = "C?m"; VariantName = "[No Variations]"
Add component (AddParameter): Name = "Don_Vi"; Value = "Con"; VariantName = "[No Variations]"
Add component (AddParameter): Name = "Ghi Chu"; Value = ""; VariantName = "[No Variations]"
Add component (AddParameter): Name = "Kieu_Chan"; Value = ""; VariantName = "[No Variations]"
Add component (AddParameter): Name = "Ma_Hang"; Value = "MH001063"; VariantName = "[No Variations]"
Add component (AddParameter): Name = "Ten_Linh_Kien"; Value = "Diode 1N4007 1A (DIP)"; VariantName = "[No Variations]"
Added Component: Designator=H2(XH2.54M-2)
Add component (AddParameter): Name = "Chung_Loai"; Value = "C?m"; VariantName = "[No Variations]"
Add component (AddParameter): Name = "Don_Vi"; Value = "Con"; VariantName = "[No Variations]"
Add component (AddParameter): Name = "Ghi_Chu"; Value = ""; VariantName = "[No Variations]"
Add component (AddParameter): Name = "Kieu_Chan"; Value = ""; VariantName = "[No Variations]"
Add component (AddParameter): Name = "Ma_Hang"; Value = "MH001283"; VariantName = "[No Variations]"
Add component (AddParameter): Name = "Ten_Linh_Kien"; Value = "Header 2P XH2.54-2P Ð?c Th?ng"; VariantName = "[No Variations]"
Added Component: Designator=L2(LED-3MM-BLUE)
Add component (AddParameter): Name = "Chung_Loai"; Value = "C?m"; VariantName = "[No Variations]"
Add component (AddParameter): Name = "Don_Vi"; Value = "Con"; VariantName = "[No Variations]"
Add component (AddParameter): Name = "Ghi_Chu"; Value = ""; VariantName = "[No Variations]"
Add component (AddParameter): Name = "Kieu_Chan"; Value = ""; VariantName = "[No Variations]"
Add component (AddParameter): Name = "Ma_Hang"; Value = "MH009003"; VariantName = "[No Variations]"
Add component (AddParameter): Name = "Ten_Linh_Kien"; Value = "LED 3MM Xanh Duong SS (1000c)"; VariantName = "[No Variations]"
Added Component: Designator=Q2(TO92)
Add component (AddParameter): Name = "Value"; Value = "C9014"; VariantName = "[No Variations]"
Added Component: Designator=R3(tro vach 1/2w)
Add component (AddParameter): Name = "Chung_Loai"; Value = "C?m"; VariantName = "[No Variations]"
Add component (AddParameter): Name = "Don_Vi"; Value = "Con"; VariantName = "[No Variations]"
Add component (AddParameter): Name = "Kieu_Chan"; Value = ""; VariantName = "[No Variations]"
Add component (AddParameter): Name = "Ma_Hang"; Value = "MH006204"; VariantName = "[No Variations]"
Add component (AddParameter): Name = "So_Chan"; Value = "2"; VariantName = "[No Variations]"
Add component (AddParameter): Name = "Ten_Linh_Kien"; Value = "Tr? 5% 1/2w 330R"; VariantName = "[No Variations]"
Added Component: Designator=R4(tro vach 1/4w)
Add component (AddParameter): Name = "Chung_Loai"; Value = "C?m"; VariantName = "[No Variations]"
Add component (AddParameter): Name = "Don_Vi"; Value = "Con"; VariantName = "[No Variations]"
Add component (AddParameter): Name = "Kieu_Chan"; Value = ""; VariantName = "[No Variations]"
Add component (AddParameter): Name = "Ma_Hang"; Value = "MH007284"; VariantName = "[No Variations]"
Add component (AddParameter): Name = "So_Chan"; Value = "2"; VariantName = "[No Variations]"
Add component (AddParameter): Name = "Ten_Linh_Kien"; Value = "Tr? V?ch 1/4w 5% 1.5k"; VariantName = "[No Variations]"
Added Component: Designator=RL2(Relay 5 Chan SRD)
Add component (AddParameter): Name = "Ma_Hang"; Value = "MH009374"; VariantName = "[No Variations]"
Add component (AddParameter): Name = "Ten"; Value = "Relay 5V10A SRD-05VDC-SL-C Chính Hãng"; VariantName = "[No Variations]"
Added Component: Designator=U2(PC817)
Add component (AddParameter): Name = "Value"; Value = "PC817"; VariantName = "[No Variations]"
Added Pin To Net: NetName=Vin Pin=D2-2
Added Pin To Net: NetName=GND Pin=H2-2
Added Pin To Net: NetName=GND Pin=Q2-1
Added Pin To Net: NetName=FAN Pin=R3-1
Added Pin To Net: NetName=Vin Pin=RL2-1
Added Pin To Net: NetName=Vin Pin=RL2-5
Added Pin To Net: NetName=GND Pin=U2-2
Added Pin To Net: NetName=Vin Pin=U2-4
Change Net Name : Old Net Name=NetH2_1 New Net Name=NetH1_1
Change Net Name : Old Net Name=NetI2C_1 New Net Name=NetI1_1
Change Net Name : Old Net Name=NetI2C_2 New Net Name=NetI1_2
Change Net Name : Old Net Name=NetI2C_3 New Net Name=NetI1_3
Change Net Name : Old Net Name=NetI2C_4 New Net Name=NetI1_4
Change Net Name : Old Net Name=NetI2C_5 New Net Name=NetI1_5
Change Net Name : Old Net Name=NetI2C_6 New Net Name=NetI1_6
Change Net Name : Old Net Name=NetI2C_7 New Net Name=NetI1_7
Change Net Name : Old Net Name=NetI2C_8 New Net Name=NetI1_8
Change Net Name : Old Net Name=NetI2C_9 New Net Name=NetI1_9
Change Net Name : Old Net Name=NetI2C_10 New Net Name=NetI1_10
Change Net Name : Old Net Name=NetI2C_11 New Net Name=NetI1_11
Change Net Name : Old Net Name=NetI2C_12 New Net Name=NetI1_12
Change Net Name : Old Net Name=NetI2C_13 New Net Name=NetI1_13
Change Net Name : Old Net Name=NetI2C_14 New Net Name=NetI1_14
Change Net Name : Old Net Name=NetI2C_15 New Net Name=NetI1_15
Change Net Name : Old Net Name=NetI2C_16 New Net Name=NetI1_16
Change Net Name : Old Net Name=NetL2_1 New Net Name=NetL3_1
Added Pin To Net: NetName=DEN Pin=ESP1-13
Added Pin To Net: NetName=DEN Pin=R1-1
Added Net: Name=DEN
Added Pin To Net: NetName=NetD2_1 Pin=D2-1
Added Pin To Net: NetName=NetD2_1 Pin=Q2-2
Added Pin To Net: NetName=NetD2_1 Pin=RL2-4
Added Net: Name=NetD2_1
Added Pin To Net: NetName=NetH2_1 Pin=H2-1
Added Pin To Net: NetName=NetH2_1 Pin=RL2-3
Added Net: Name=NetH2_1
Added Pin To Net: NetName=NetL2_1 Pin=L2-1
Added Pin To Net: NetName=NetL2_1 Pin=R3-2
Added Net: Name=NetL2_1
Added Pin To Net: NetName=NetL2_2 Pin=L2-2
Added Pin To Net: NetName=NetL2_2 Pin=U2-1
Added Net: Name=NetL2_2
Added Pin To Net: NetName=NetQ2_3 Pin=Q2-3
Added Pin To Net: NetName=NetQ2_3 Pin=R4-2
Added Net: Name=NetQ2_3
Added Pin To Net: NetName=NetR4_1 Pin=R4-1
Added Pin To Net: NetName=NetR4_1 Pin=U2-3
Added Net: Name=NetR4_1
Added Member To Class: ClassName=DHT11 Member=Component D2 100v
Added Member To Class: ClassName=DHT11 Member=Component H3 Header 3P 2.54 Duc Thang
Added Member To Class: ClassName=DHT11 Member=Component I1 Header 16
Added Member To Class: ClassName=DHT11 Member=Component L3 LED 3mm
Added Member To Class: ClassName=DHT11 Member=Component Q2 C1815
Added Member To Class: ClassName=DHT11 Member=Component R8 4.7k
Added Member To Class: ClassName=DHT11 Member=Component R9 330R
Added Member To Class: ClassName=DHT11 Member=Component RL2 Relay
Added Member To Class: ClassName=DHT11 Member=Component U2 PC817
Added Room: Name=DHT11
