Removed Pin From Net: NetName=SW1 Pin=ESP1-23
Removed Pin From Net: NetName=SW2 Pin=ESP1-30
Removed Pin From Net: NetName=Netlcd1_1 Pin=lcd1-1
Removed Pin From Net: NetName=Netlcd1_1 Pin=lcd1-1
Removed Pin From Net: NetName=Netlcd1_1 Pin=lcd1-1
Removed Pin From Net: NetName=Netlcd1_1 Pin=lcd1-1
Removed Pin From Net: NetName=Netlcd1_2 Pin=lcd1-2
Removed Pin From Net: NetName=Netlcd1_2 Pin=lcd1-2
Removed Pin From Net: NetName=Netlcd1_2 Pin=lcd1-2
Removed Pin From Net: NetName=Netlcd1_2 Pin=lcd1-2
Removed Pin From Net: NetName=Netlcd1_3 Pin=lcd1-3
Removed Pin From Net: NetName=Netlcd1_3 Pin=lcd1-3
Removed Pin From Net: NetName=Netlcd1_3 Pin=lcd1-3
Removed Pin From Net: NetName=Netlcd1_3 Pin=lcd1-3
Removed Pin From Net: NetName=Netlcd1_4 Pin=lcd1-4
Removed Pin From Net: NetName=Netlcd1_4 Pin=lcd1-4
Removed Pin From Net: NetName=Netlcd1_4 Pin=lcd1-4
Removed Pin From Net: NetName=Netlcd1_4 Pin=lcd1-4
Removed Pin From Net: NetName=Netlcd1_5 Pin=lcd1-5
Removed Pin From Net: NetName=Netlcd1_5 Pin=lcd1-5
Removed Pin From Net: NetName=Netlcd1_5 Pin=lcd1-5
Removed Pin From Net: NetName=Netlcd1_5 Pin=lcd1-5
Removed Pin From Net: NetName=Netlcd1_6 Pin=lcd1-6
Removed Pin From Net: NetName=Netlcd1_6 Pin=lcd1-6
Removed Pin From Net: NetName=Netlcd1_6 Pin=lcd1-6
Removed Pin From Net: NetName=Netlcd1_6 Pin=lcd1-6
Removed Pin From Net: NetName=Netlcd1_7 Pin=lcd1-7
Removed Pin From Net: NetName=Netlcd1_7 Pin=lcd1-7
Removed Pin From Net: NetName=Netlcd1_7 Pin=lcd1-7
Removed Pin From Net: NetName=Netlcd1_7 Pin=lcd1-7
Removed Pin From Net: NetName=Netlcd1_8 Pin=lcd1-8
Removed Pin From Net: NetName=Netlcd1_8 Pin=lcd1-8
Removed Pin From Net: NetName=Netlcd1_8 Pin=lcd1-8
Removed Pin From Net: NetName=Netlcd1_8 Pin=lcd1-8
Removed Pin From Net: NetName=Netlcd1_9 Pin=lcd1-9
Removed Pin From Net: NetName=Netlcd1_9 Pin=lcd1-9
Removed Pin From Net: NetName=Netlcd1_9 Pin=lcd1-9
Removed Pin From Net: NetName=Netlcd1_9 Pin=lcd1-9
Removed Pin From Net: NetName=Netlcd1_10 Pin=lcd1-10
Removed Pin From Net: NetName=Netlcd1_10 Pin=lcd1-10
Removed Pin From Net: NetName=Netlcd1_10 Pin=lcd1-10
Removed Pin From Net: NetName=Netlcd1_10 Pin=lcd1-10
Removed Pin From Net: NetName=Netlcd1_11 Pin=lcd1-11
Removed Pin From Net: NetName=Netlcd1_11 Pin=lcd1-11
Removed Pin From Net: NetName=Netlcd1_11 Pin=lcd1-11
Removed Pin From Net: NetName=Netlcd1_11 Pin=lcd1-11
Removed Pin From Net: NetName=Netlcd1_12 Pin=lcd1-12
Removed Pin From Net: NetName=Netlcd1_12 Pin=lcd1-12
Removed Pin From Net: NetName=Netlcd1_12 Pin=lcd1-12
Removed Pin From Net: NetName=Netlcd1_12 Pin=lcd1-12
Removed Pin From Net: NetName=Netlcd1_13 Pin=lcd1-13
Removed Pin From Net: NetName=Netlcd1_13 Pin=lcd1-13
Removed Pin From Net: NetName=Netlcd1_13 Pin=lcd1-13
Removed Pin From Net: NetName=Netlcd1_13 Pin=lcd1-13
Removed Pin From Net: NetName=Netlcd1_14 Pin=lcd1-14
Removed Pin From Net: NetName=Netlcd1_14 Pin=lcd1-14
Removed Pin From Net: NetName=Netlcd1_14 Pin=lcd1-14
Removed Pin From Net: NetName=Netlcd1_14 Pin=lcd1-14
Removed Pin From Net: NetName=Netlcd1_15 Pin=lcd1-15
Removed Pin From Net: NetName=Netlcd1_15 Pin=lcd1-15
Removed Pin From Net: NetName=Netlcd1_15 Pin=lcd1-15
Removed Pin From Net: NetName=Netlcd1_15 Pin=lcd1-15
Removed Pin From Net: NetName=Netlcd1_16 Pin=lcd1-16
Removed Pin From Net: NetName=Netlcd1_16 Pin=lcd1-16
Removed Pin From Net: NetName=Netlcd1_16 Pin=lcd1-16
Removed Pin From Net: NetName=Netlcd1_16 Pin=lcd1-16
Added Component: Designator=LCD1(LCD1602 with Jump)
Add component (AddParameter): Name = "CHIP"; Value = "HD44780"; VariantName = "[No Variations]"
Add component (AddParameter): Name = "Ma_Hang"; Value = "67HZ"; VariantName = "[No Variations]"
Add component (AddParameter): Name = "NCC"; Value = "NSHOP"; VariantName = "[No Variations]"
Add component (AddParameter): Name = "Ten"; Value = "Màn hình LCD 1602 Xanh Lá"; VariantName = "[No Variations]"
Added Pin To Net: NetName=SW1 Pin=ESP1-8
Added Pin To Net: NetName=SW2 Pin=ESP1-9
Added Pin To Net: NetName=Netlcd1_1 Pin=LCD1-1
Added Pin To Net: NetName=Netlcd1_2 Pin=LCD1-2
Added Pin To Net: NetName=Netlcd1_3 Pin=LCD1-3
Added Pin To Net: NetName=Netlcd1_4 Pin=LCD1-4
Added Pin To Net: NetName=Netlcd1_5 Pin=LCD1-5
Added Pin To Net: NetName=Netlcd1_6 Pin=LCD1-6
Added Pin To Net: NetName=Netlcd1_7 Pin=LCD1-7
Added Pin To Net: NetName=Netlcd1_8 Pin=LCD1-8
Added Pin To Net: NetName=Netlcd1_9 Pin=LCD1-9
Added Pin To Net: NetName=Netlcd1_10 Pin=LCD1-10
Added Pin To Net: NetName=Netlcd1_11 Pin=LCD1-11
Added Pin To Net: NetName=Netlcd1_12 Pin=LCD1-12
Added Pin To Net: NetName=Netlcd1_13 Pin=LCD1-13
Added Pin To Net: NetName=Netlcd1_14 Pin=LCD1-14
Added Pin To Net: NetName=Netlcd1_15 Pin=LCD1-15
Added Pin To Net: NetName=Netlcd1_16 Pin=LCD1-16
Added Room: Name=DHT11
