Change Component Designator: OldDesignator=H2 NewDesignator=H3
Change Component Designator: OldDesignator=H3 NewDesignator=H2
Added Component: Designator=RL1(Relay 5 Chan SRD)
Add component (AddParameter): Name = "Ma_Hang"; Value = "MH009374"; VariantName = "[No Variations]"
Add component (AddParameter): Name = "Ten"; Value = "Relay 5V10A SRD-05VDC-SL-C Chính Hãng"; VariantName = "[No Variations]"
Added Component: Designator=RL2(Relay 5 Chan SRD)
Add component (AddParameter): Name = "Ma_Hang"; Value = "MH009374"; VariantName = "[No Variations]"
Add component (AddParameter): Name = "Ten"; Value = "Relay 5V10A SRD-05VDC-SL-C Chính Hãng"; VariantName = "[No Variations]"
Added Pin To Net: NetName=GND Pin=H1-2
Added Pin To Net: NetName=GND Pin=H3-2
Added Pin To Net: NetName=Vin Pin=RL1-1
Added Pin To Net: NetName=NetH1_1 Pin=RL1-3
Added Pin To Net: NetName=NetD1_1 Pin=RL1-4
Added Pin To Net: NetName=Vin Pin=RL1-5
Added Pin To Net: NetName=Vin Pin=RL2-1
Added Pin To Net: NetName=NetD2_1 Pin=RL2-4
Added Pin To Net: NetName=Vin Pin=RL2-5
Added Pin To Net: NetName=NetH3_1 Pin=H3-1
Added Pin To Net: NetName=NetH3_1 Pin=RL2-3
Added Net: Name=NetH3_1
Added Member To Class: ClassName=DHT11 Member=Component RL1 Relay
Added Member To Class: ClassName=DHT11 Member=Component RL2 Relay
