Removed Pin From Net: NetName=NetD1_1 Pin=RL1-2
Removed Pin From Net: NetName=NetH1_1 Pin=RL1-4
Removed Pin From Net: NetName=NetD2_1 Pin=RL2-2
Change Component Footprint: Designator=RL1 Old Footprint=Relay 4 chan HF46F New Footprint=Relay 5 Chan SRD
Change Component Footprint: Designator=RL2 Old Footprint=Relay 4 chan HF46F New Footprint=Relay 5 Chan SRD
Change Component Comment : Designator=RL1 Old Comment=RelayHF46 New Comment=Relay
Change Component Comment : Designator=RL2 Old Comment=RelayHF46 New Comment=Relay
Change Component Designator: OldDesignator=H2 NewDesignator=H3
Change Component Designator: OldDesignator=H3 NewDesignator=H2
Change component parameters: Designator = "RL1" ("RL1"); Footprint = "Relay 4 chan HF46F"; UniqueID = "\EFOQTXKS" ("\EFOQTXKS")
Change component parameters (AddParameter): Name = "Ma_Hang"; Value = "MH009374"; VariantName = "[No Variations]"
Change component parameters (AddParameter): Name = "Ten"; Value = "Relay 5V10A SRD-05VDC-SL-C Chính Hãng"; VariantName = "[No Variations]"
Change component parameters: Designator = "RL2" ("RL2"); Footprint = "Relay 4 chan HF46F"; UniqueID = "\LZIIKDHL" ("\LZIIKDHL")
Change component parameters (AddParameter): Name = "Ma_Hang"; Value = "MH009374"; VariantName = "[No Variations]"
Change component parameters (AddParameter): Name = "Ten"; Value = "Relay 5V10A SRD-05VDC-SL-C Chính Hãng"; VariantName = "[No Variations]"
Added Pin To Net: NetName=GND Pin=H1-2
Added Pin To Net: NetName=GND Pin=H3-2
Added Pin To Net: NetName=NetH1_1 Pin=RL1-3
Added Pin To Net: NetName=NetD1_1 Pin=RL1-4
Added Pin To Net: NetName=Vin Pin=RL1-5
Added Pin To Net: NetName=NetD2_1 Pin=RL2-4
Added Pin To Net: NetName=Vin Pin=RL2-5
Added Pin To Net: NetName=NetH3_1 Pin=H3-1
Added Pin To Net: NetName=NetH3_1 Pin=RL2-3
Added Net: Name=NetH3_1
