Removed Pin From Net: NetName=SW_MANUAL Pin=ESP1-8
Removed Pin From Net: NetName=SW_AUTO Pin=ESP1-9
Removed Pin From Net: NetName=SW_FAN Pin=ESP1-10
Removed Pin From Net: NetName=SW_THRESH Pin=R8-1
Removed Pin From Net: NetName=SW_THRESH Pin=SW4-2
Change Component Designator: OldDesignator=R9 NewDesignator=R10
Added Component: Designator=R9(tro vach 1/2w)
Add component (AddParameter): Name = "Chung_Loai"; Value = "C?m"; VariantName = "[No Variations]"
Add component (AddParameter): Name = "Don_Vi"; Value = "Con"; VariantName = "[No Variations]"
Add component (AddParameter): Name = "Kieu_Chan"; Value = ""; VariantName = "[No Variations]"
Add component (AddParameter): Name = "Ma_Hang"; Value = "MH006198"; VariantName = "[No Variations]"
Add component (AddParameter): Name = "So_Chan"; Value = "2"; VariantName = "[No Variations]"
Add component (AddParameter): Name = "Ten_Linh_Kien"; Value = "Tr? 5% 1/2w 4.7k"; VariantName = "[No Variations]"
Added Component: Designator=SW5(SW_342_SMD)
Add component (AddParameter): Name = "Alternate Part Number-1"; Value = "NA"; VariantName = "[No Variations]"
Add component (AddParameter): Name = "Case/Package"; Value = "SMD"; VariantName = "[No Variations]"
Add component (AddParameter): Name = "Manufacturer"; Value = "ITT C&K"; VariantName = "[No Variations]"
Add component (AddParameter): Name = "Manufacturer Part Number"; Value = "RS-282G05A3-SMRT"; VariantName = "[No Variations]"
Add component (AddParameter): Name = "Supplier Part Number-1"; Value = "RS-282G05A3-SMRT"; VariantName = "[No Variations]"
Add component (AddParameter): Name = "Supplier-1"; Value = "SP ROAD"; VariantName = "[No Variations]"
Added Pin To Net: NetName=SW_MANUAL Pin=ESP1-7
Added Pin To Net: NetName=SW_AUTO Pin=ESP1-8
Added Pin To Net: NetName=SW_FAN Pin=ESP1-9
Added Pin To Net: NetName=GND Pin=ESP1-17
Added Pin To Net: NetName=SW_THRESH Pin=R9-1
Added Pin To Net: NetName=3V3 Pin=R9-2
Added Pin To Net: NetName=GND Pin=SW5-1
Added Pin To Net: NetName=SW_THRESH Pin=SW5-2
Change Net Color : Old Net Color=RGB(191, 191, 0) New Net Color=Default
Change Net Color : Old Net Color=Lime New Net Color=Default
Change Net Color : Old Net Color=RGB(191, 0, 0) New Net Color=Default
Added Pin To Net: NetName=SW_DEN Pin=ESP1-10
Added Pin To Net: NetName=SW_DEN Pin=R8-1
Added Pin To Net: NetName=SW_DEN Pin=SW4-2
Added Net: Name=SW_DEN
Added Member To Class: ClassName=DHT11 Member=Component H1 Header 2P 2.54 Duc Thang
Added Member To Class: ClassName=DHT11 Member=Component H2 Header 2P 2.54 Duc Thang
Added Member To Class: ClassName=DHT11 Member=Component I2 Header 4P 2.54 Duc Thang
Added Member To Class: ClassName=DHT11 Member=Component L2 LED 3mm
Added Member To Class: ClassName=DHT11 Member=Component R3 330R
Added Member To Class: ClassName=DHT11 Member=Component R4 1.5k
Added Member To Class: ClassName=DHT11 Member=Component R5 4.7k
Added Member To Class: ClassName=DHT11 Member=Component R6 4.7k
Added Member To Class: ClassName=DHT11 Member=Component R7 4.7k
Added Member To Class: ClassName=DHT11 Member=Component R8 4.7k
Added Member To Class: ClassName=DHT11 Member=Component R10 330R
Added Member To Class: ClassName=DHT11 Member=Component SW1 TACTILE SWITCH
Added Member To Class: ClassName=DHT11 Member=Component SW2 TACTILE SWITCH
Added Member To Class: ClassName=DHT11 Member=Component SW3 TACTILE SWITCH
Added Member To Class: ClassName=DHT11 Member=Component SW4 TACTILE SWITCH
Added Member To Class: ClassName=DHT11 Member=Component SW5 TACTILE SWITCH
