Removed Pin From Net: NetName=Vin Pin=D2-2
Removed Pin From Net: NetName=GND Pin=H3-2
Removed Pin From Net: NetName=Vin Pin=H4-1
Removed Pin From Net: NetName=SCL Pin=H4-2
Removed Pin From Net: NetName=SDA Pin=H4-3
Removed Pin From Net: NetName=GND Pin=H4-4
Removed Pin From Net: NetName=GND Pin=Q2-1
Removed Pin From Net: NetName=3V3 Pin=R2-2
Removed Pin From Net: NetName=Vin Pin=RL2-1
Removed Pin From Net: NetName=Vin Pin=RL2-5
Removed Pin From Net: NetName=GND Pin=U2-2
Removed Pin From Net: NetName=Vin Pin=U2-4
Removed Member From Class: ClassName=DHT11 Member=D2
Removed Member From Class: ClassName=DHT11 Member=H4
Removed Member From Class: ClassName=DHT11 Member=L3
Removed Member From Class: ClassName=DHT11 Member=Q2
Removed Member From Class: ClassName=DHT11 Member=R7
Removed Member From Class: ClassName=DHT11 Member=RL2
Removed Member From Class: ClassName=DHT11 Member=U2
Change Component Footprint: Designator=H3 Old Footprint=XH2.54M-2 New Footprint=XH2.54M-4
Change Component Comment : Designator=R5 Old Comment=330R New Comment=4.7k
Change Component Comment : Designator=H3 Old Comment=Header 2P 2.54 Duc Thang New Comment=Header 4P 2.54 Duc Thang
Change Component Designator: OldDesignator=C1 NewDesignator=C4
Change Component Designator: OldDesignator=C2 NewDesignator=C1
Change Component Designator: OldDesignator=C3 NewDesignator=C2
Change Component Designator: OldDesignator=C4 NewDesignator=C3
Change Component Designator: OldDesignator=L3 NewDesignator=L2
Change Component Designator: OldDesignator=R4 NewDesignator=R2
Change Component Designator: OldDesignator=R7 NewDesignator=R6
Change component parameters: Designator = "H3" ("H3"); Footprint = "XH2.54M-2"; UniqueID = "\TZVAXJKW" ("\TZVAXJKW")
Change component parameters (AddParameter): Name = "Chung_Loai"; Value = "C?m"; VariantName = "[No Variations]"
Change component parameters (AddParameter): Name = "Don_Vi"; Value = "Con"; VariantName = "[No Variations]"
Change component parameters (AddParameter): Name = "Ghi_Chu"; Value = ""; VariantName = "[No Variations]"
Change component parameters (AddParameter): Name = "Kieu_Chan"; Value = ""; VariantName = "[No Variations]"
Change component parameters (AddParameter): Name = "Ma_Hang"; Value = "MH001285"; VariantName = "[No Variations]"
Change component parameters (AddParameter): Name = "Ten_Linh_Kien"; Value = "Header 4P XH2.54-4P Ð?c Th?ng"; VariantName = "[No Variations]"
Change component parameters: Designator = "R5" ("R5"); Footprint = "tro vach 1/2w"; UniqueID = "\XNUINIKH" ("\XNUINIKH")
Change component parameters (AddParameter): Name = "Chung_Loai"; Value = "C?m"; VariantName = "[No Variations]"
Change component parameters (AddParameter): Name = "Don_Vi"; Value = "Con"; VariantName = "[No Variations]"
Change component parameters (AddParameter): Name = "Kieu_Chan"; Value = ""; VariantName = "[No Variations]"
Change component parameters (AddParameter): Name = "Ma_Hang"; Value = "MH006198"; VariantName = "[No Variations]"
Change component parameters (AddParameter): Name = "So_Chan"; Value = "2"; VariantName = "[No Variations]"
Change component parameters (AddParameter): Name = "Ten_Linh_Kien"; Value = "Tr? 5% 1/2w 4.7k"; VariantName = "[No Variations]"
Added Component: Designator=R4(tro vach 1/2w)
Add component (AddParameter): Name = "Chung_Loai"; Value = "C?m"; VariantName = "[No Variations]"
Add component (AddParameter): Name = "Don_Vi"; Value = "Con"; VariantName = "[No Variations]"
Add component (AddParameter): Name = "Kieu_Chan"; Value = ""; VariantName = "[No Variations]"
Add component (AddParameter): Name = "Ma_Hang"; Value = "MH006198"; VariantName = "[No Variations]"
Add component (AddParameter): Name = "So_Chan"; Value = "2"; VariantName = "[No Variations]"
Add component (AddParameter): Name = "Ten_Linh_Kien"; Value = "Tr? 5% 1/2w 4.7k"; VariantName = "[No Variations]"
Added Component: Designator=SW3(SW_342_SMD)
Add component (AddParameter): Name = "Alternate Part Number-1"; Value = "NA"; VariantName = "[No Variations]"
Add component (AddParameter): Name = "Case/Package"; Value = "SMD"; VariantName = "[No Variations]"
Add component (AddParameter): Name = "Manufacturer"; Value = "ITT C&K"; VariantName = "[No Variations]"
Add component (AddParameter): Name = "Manufacturer Part Number"; Value = "RS-282G05A3-SMRT"; VariantName = "[No Variations]"
Add component (AddParameter): Name = "Supplier Part Number-1"; Value = "RS-282G05A3-SMRT"; VariantName = "[No Variations]"
Add component (AddParameter): Name = "Supplier-1"; Value = "SP ROAD"; VariantName = "[No Variations]"
Added Pin To Net: NetName=Vin Pin=H3-1
Added Pin To Net: NetName=SCL Pin=H3-2
Added Pin To Net: NetName=SDA Pin=H3-3
Added Pin To Net: NetName=GND Pin=H3-4
Added Pin To Net: NetName=3V3 Pin=R4-2
Added Pin To Net: NetName=3V3 Pin=R5-2
Added Pin To Net: NetName=GND Pin=SW3-1
Change Net Name : Old Net Name=NetC1_1 New Net Name=NetC2_2
Change Net Name : Old Net Name=NetL3_1 New Net Name=NetL2_1
Change Net Name : Old Net Name=NetR4_1 New Net Name=NetR2_1
Change Net Name : Old Net Name=relay1 New Net Name=FAN
Change Net Color : Old Net Color=Lime New Net Color=Default
Added Pin To Net: NetName=SW_AUTO Pin=ESP1-9
Added Pin To Net: NetName=SW_AUTO Pin=R4-1
Added Pin To Net: NetName=SW_AUTO Pin=SW2-2
Added Net: Name=SW_AUTO
Added Pin To Net: NetName=SW_FAN Pin=ESP1-10
Added Pin To Net: NetName=SW_FAN Pin=R5-1
Added Pin To Net: NetName=SW_FAN Pin=SW3-2
Added Net: Name=SW_FAN
Added Pin To Net: NetName=SW_MANUAL Pin=ESP1-8
Added Pin To Net: NetName=SW_MANUAL Pin=R3-1
Added Pin To Net: NetName=SW_MANUAL Pin=SW1-2
Added Net: Name=SW_MANUAL
Added Member To Class: ClassName=DHT11 Member=Component H3 Header 4P 2.54 Duc Thang
Added Member To Class: ClassName=DHT11 Member=Component Q1 C1815
Added Member To Class: ClassName=DHT11 Member=Component SW3 TACTILE SWITCH
Added Room: Name=DHT11
