Added Component: Designator=P1(HDR1X16)
Add component (AddParameter): Name = "LatestRevisionDate"; Value = "17-Jul-2002"; VariantName = "[No Variations]"
Add component (AddParameter): Name = "LatestRevisionNote"; Value = "Re-released for DXP Platform."; VariantName = "[No Variations]"
Add component (AddParameter): Name = "Publisher"; Value = "Altium Limited"; VariantName = "[No Variations]"
Change Net Color : Old Net Color=Yellow New Net Color=Default
Change Net Color : Old Net Color=RGB(0, 191, 0) New Net Color=Default
Change Net Color : Old Net Color=Red New Net Color=Default
Added Pin To Net: NetName=NetLCD1_1 Pin=LCD1-1
Added Pin To Net: NetName=NetLCD1_1 Pin=P1-16
Added Net: Name=NetLCD1_1
Added Pin To Net: NetName=NetLCD1_2 Pin=LCD1-2
Added Pin To Net: NetName=NetLCD1_2 Pin=P1-15
Added Net: Name=NetLCD1_2
Added Pin To Net: NetName=NetLCD1_3 Pin=LCD1-3
Added Pin To Net: NetName=NetLCD1_3 Pin=P1-14
Added Net: Name=NetLCD1_3
Added Pin To Net: NetName=NetLCD1_4 Pin=LCD1-4
Added Pin To Net: NetName=NetLCD1_4 Pin=P1-13
Added Net: Name=NetLCD1_4
Added Pin To Net: NetName=NetLCD1_5 Pin=LCD1-5
Added Pin To Net: NetName=NetLCD1_5 Pin=P1-12
Added Net: Name=NetLCD1_5
Added Pin To Net: NetName=NetLCD1_6 Pin=LCD1-6
Added Pin To Net: NetName=NetLCD1_6 Pin=P1-11
Added Net: Name=NetLCD1_6
Added Pin To Net: NetName=NetLCD1_7 Pin=LCD1-7
Added Pin To Net: NetName=NetLCD1_7 Pin=P1-10
Added Net: Name=NetLCD1_7
Added Pin To Net: NetName=NetLCD1_8 Pin=LCD1-8
Added Pin To Net: NetName=NetLCD1_8 Pin=P1-9
Added Net: Name=NetLCD1_8
Added Pin To Net: NetName=NetLCD1_9 Pin=LCD1-9
Added Pin To Net: NetName=NetLCD1_9 Pin=P1-8
Added Net: Name=NetLCD1_9
Added Pin To Net: NetName=NetLCD1_10 Pin=LCD1-10
Added Pin To Net: NetName=NetLCD1_10 Pin=P1-7
Added Net: Name=NetLCD1_10
Added Pin To Net: NetName=NetLCD1_11 Pin=LCD1-11
Added Pin To Net: NetName=NetLCD1_11 Pin=P1-6
Added Net: Name=NetLCD1_11
Added Pin To Net: NetName=NetLCD1_12 Pin=LCD1-12
Added Pin To Net: NetName=NetLCD1_12 Pin=P1-5
Added Net: Name=NetLCD1_12
Added Pin To Net: NetName=NetLCD1_13 Pin=LCD1-13
Added Pin To Net: NetName=NetLCD1_13 Pin=P1-4
Added Net: Name=NetLCD1_13
Added Pin To Net: NetName=NetLCD1_14 Pin=LCD1-14
Added Pin To Net: NetName=NetLCD1_14 Pin=P1-3
Added Net: Name=NetLCD1_14
Added Pin To Net: NetName=NetLCD1_15 Pin=LCD1-15
Added Pin To Net: NetName=NetLCD1_15 Pin=P1-2
Added Net: Name=NetLCD1_15
Added Pin To Net: NetName=NetLCD1_16 Pin=LCD1-16
Added Pin To Net: NetName=NetLCD1_16 Pin=P1-1
Added Net: Name=NetLCD1_16
Added Member To Class: ClassName=DHT11 Member=Component D2 100v
Added Member To Class: ClassName=DHT11 Member=Component H2 Header 2P 2.54 Duc Thang
Added Member To Class: ClassName=DHT11 Member=Component L2 LED 3mm
Added Member To Class: ClassName=DHT11 Member=Component P1 Header 16
Added Member To Class: ClassName=DHT11 Member=Component Q2 C1815
Added Member To Class: ClassName=DHT11 Member=Component R2 4.7k
Added Member To Class: ClassName=DHT11 Member=Component R5 330R
Added Member To Class: ClassName=DHT11 Member=Component R6 1.5k
Added Member To Class: ClassName=DHT11 Member=Component RL2 RelayHF46
Added Member To Class: ClassName=DHT11 Member=Component U2 PC817
Added Room: Name=DHT11
